Determining if the pthread_create exist failed with the following output:
Change Dir: /home/why/CV-Teaching-Sessions/Team-Session-1/C++/CMakeFiles/CMakeTmp

Run Build Command:"/usr/bin/make" "cmTC_73814/fast"
/usr/bin/make -f CMakeFiles/cmTC_73814.dir/build.make CMakeFiles/cmTC_73814.dir/build
make[1]: Entering directory '/home/why/CV-Teaching-Sessions/Team-Session-1/C++/CMakeFiles/CMakeTmp'
Building C object CMakeFiles/cmTC_73814.dir/CheckSymbolExists.c.o
/usr/bin/gcc-6   -fPIC    -o CMakeFiles/cmTC_73814.dir/CheckSymbolExists.c.o   -c /home/why/CV-Teaching-Sessions/Team-Session-1/C++/CMakeFiles/CMakeTmp/CheckSymbolExists.c
Linking C executable cmTC_73814
/home/why/.local/share/JetBrains/Toolbox/apps/CLion/ch-0/182.4505.18/bin/cmake/linux/bin/cmake -E cmake_link_script CMakeFiles/cmTC_73814.dir/link.txt --verbose=1
/usr/bin/gcc-6 -fPIC     CMakeFiles/cmTC_73814.dir/CheckSymbolExists.c.o  -o cmTC_73814 
CMakeFiles/cmTC_73814.dir/CheckSymbolExists.c.o: In function `main':
CheckSymbolExists.c:(.text+0x1b): undefined reference to `pthread_create'
collect2: error: ld returned 1 exit status
CMakeFiles/cmTC_73814.dir/build.make:86: recipe for target 'cmTC_73814' failed
make[1]: *** [cmTC_73814] Error 1
make[1]: Leaving directory '/home/why/CV-Teaching-Sessions/Team-Session-1/C++/CMakeFiles/CMakeTmp'
Makefile:121: recipe for target 'cmTC_73814/fast' failed
make: *** [cmTC_73814/fast] Error 2

File /home/why/CV-Teaching-Sessions/Team-Session-1/C++/CMakeFiles/CMakeTmp/CheckSymbolExists.c:
/* */
#include <pthread.h>

int main(int argc, char** argv)
{
  (void)argv;
#ifndef pthread_create
  return ((int*)(&pthread_create))[argc];
#else
  (void)argc;
  return 0;
#endif
}

Determining if the function pthread_create exists in the pthreads failed with the following output:
Change Dir: /home/why/CV-Teaching-Sessions/Team-Session-1/C++/CMakeFiles/CMakeTmp

Run Build Command:"/usr/bin/make" "cmTC_63251/fast"
/usr/bin/make -f CMakeFiles/cmTC_63251.dir/build.make CMakeFiles/cmTC_63251.dir/build
make[1]: Entering directory '/home/why/CV-Teaching-Sessions/Team-Session-1/C++/CMakeFiles/CMakeTmp'
Building C object CMakeFiles/cmTC_63251.dir/CheckFunctionExists.c.o
/usr/bin/gcc-6   -fPIC -DCHECK_FUNCTION_EXISTS=pthread_create   -o CMakeFiles/cmTC_63251.dir/CheckFunctionExists.c.o   -c /home/why/.local/share/JetBrains/Toolbox/apps/CLion/ch-0/182.4505.18/bin/cmake/linux/share/cmake-3.12/Modules/CheckFunctionExists.c
Linking C executable cmTC_63251
/home/why/.local/share/JetBrains/Toolbox/apps/CLion/ch-0/182.4505.18/bin/cmake/linux/bin/cmake -E cmake_link_script CMakeFiles/cmTC_63251.dir/link.txt --verbose=1
/usr/bin/gcc-6 -fPIC -DCHECK_FUNCTION_EXISTS=pthread_create    CMakeFiles/cmTC_63251.dir/CheckFunctionExists.c.o  -o cmTC_63251 -lpthreads 
/usr/bin/x86_64-linux-gnu-ld: cannot find -lpthreads
collect2: error: ld returned 1 exit status
CMakeFiles/cmTC_63251.dir/build.make:86: recipe for target 'cmTC_63251' failed
make[1]: *** [cmTC_63251] Error 1
make[1]: Leaving directory '/home/why/CV-Teaching-Sessions/Team-Session-1/C++/CMakeFiles/CMakeTmp'
Makefile:121: recipe for target 'cmTC_63251/fast' failed
make: *** [cmTC_63251/fast] Error 2


